\BOOKMARK [0][-]{chapter.1}{\376\377\000I\000n\000t\000r\000o\000d\000u\000c\000t\000i\000o\000n}{}% 1
\BOOKMARK [1][-]{section.1.1}{\376\377\000O\000b\000j\000e\000c\000t\000i\000f\000\040\000d\000u\000\040\000R\000a\000p\000p\000o\000r\000t}{chapter.1}% 2
\BOOKMARK [1][-]{section.1.2}{\376\377\000C\000o\000n\000t\000e\000x\000t\000e\000\040\000d\000u\000\040\000P\000r\000o\000j\000e\000t}{chapter.1}% 3
\BOOKMARK [1][-]{section.1.3}{\376\377\000T\000e\000c\000h\000n\000o\000l\000o\000g\000i\000e\000s\000\040\000U\000t\000i\000l\000i\000s\000\351\000e\000s}{chapter.1}% 4
\BOOKMARK [0][-]{chapter.2}{\376\377\000A\000r\000c\000h\000i\000t\000e\000c\000t\000u\000r\000e\000\040\000d\000u\000\040\000S\000y\000s\000t\000\350\000m\000e}{}% 5
\BOOKMARK [1][-]{section.2.1}{\376\377\000V\000u\000e\000\040\000d\000'\000E\000n\000s\000e\000m\000b\000l\000e}{chapter.2}% 6
\BOOKMARK [1][-]{section.2.2}{\376\377\000F\000l\000u\000x\000\040\000d\000e\000\040\000D\000o\000n\000n\000\351\000e\000s}{chapter.2}% 7
\BOOKMARK [0][-]{chapter.3}{\376\377\000C\000o\000n\000f\000i\000g\000u\000r\000a\000t\000i\000o\000n\000\040\000D\000\351\000t\000a\000i\000l\000l\000\351\000e}{}% 8
\BOOKMARK [1][-]{section.3.1}{\376\377\000C\000o\000n\000f\000i\000g\000u\000r\000a\000t\000i\000o\000n\000\040\000P\000r\000o\000m\000e\000t\000h\000e\000u\000s}{chapter.3}% 9
\BOOKMARK [2][-]{subsection.3.1.1}{\376\377\000C\000o\000n\000f\000i\000g\000u\000r\000a\000t\000i\000o\000n\000\040\000G\000l\000o\000b\000a\000l\000e}{section.3.1}% 10
\BOOKMARK [2][-]{subsection.3.1.2}{\376\377\000C\000i\000b\000l\000e\000s\000\040\000d\000e\000\040\000S\000c\000r\000a\000p\000i\000n\000g}{section.3.1}% 11
\BOOKMARK [1][-]{section.3.2}{\376\377\000C\000o\000n\000f\000i\000g\000u\000r\000a\000t\000i\000o\000n\000\040\000A\000l\000e\000r\000t\000M\000a\000n\000a\000g\000e\000r}{chapter.3}% 12
\BOOKMARK [2][-]{subsection.3.2.1}{\376\377\000C\000o\000n\000f\000i\000g\000u\000r\000a\000t\000i\000o\000n\000\040\000S\000M\000T\000P}{section.3.2}% 13
\BOOKMARK [2][-]{subsection.3.2.2}{\376\377\000R\000o\000u\000t\000a\000g\000e\000\040\000d\000e\000s\000\040\000A\000l\000e\000r\000t\000e\000s}{section.3.2}% 14
\BOOKMARK [0][-]{chapter.4}{\376\377\000M\000\351\000t\000r\000i\000q\000u\000e\000s\000\040\000e\000t\000\040\000A\000l\000e\000r\000t\000e\000s}{}% 15
\BOOKMARK [1][-]{section.4.1}{\376\377\000M\000\351\000t\000r\000i\000q\000u\000e\000s\000\040\000S\000y\000s\000t\000\350\000m\000e}{chapter.4}% 16
\BOOKMARK [2][-]{subsection.4.1.1}{\376\377\000M\000\351\000t\000r\000i\000q\000u\000e\000s\000\040\000C\000P\000U}{section.4.1}% 17
\BOOKMARK [2][-]{subsection.4.1.2}{\376\377\000M\000\351\000t\000r\000i\000q\000u\000e\000s\000\040\000M\000\351\000m\000o\000i\000r\000e}{section.4.1}% 18
\BOOKMARK [1][-]{section.4.2}{\376\377\000R\000\350\000g\000l\000e\000s\000\040\000d\000'\000A\000l\000e\000r\000t\000e\000s}{chapter.4}% 19
\BOOKMARK [2][-]{subsection.4.2.1}{\376\377\000A\000l\000e\000r\000t\000e\000s\000\040\000S\000y\000s\000t\000\350\000m\000e}{section.4.2}% 20
\BOOKMARK [2][-]{subsection.4.2.2}{\376\377\000A\000l\000e\000r\000t\000e\000s\000\040\000D\000o\000c\000k\000e\000r}{section.4.2}% 21
\BOOKMARK [0][-]{chapter.5}{\376\377\000D\000a\000s\000h\000b\000o\000a\000r\000d\000s\000\040\000G\000r\000a\000f\000a\000n\000a}{}% 22
\BOOKMARK [1][-]{section.5.1}{\376\377\000C\000o\000n\000f\000i\000g\000u\000r\000a\000t\000i\000o\000n\000\040\000d\000e\000s\000\040\000S\000o\000u\000r\000c\000e\000s\000\040\000d\000e\000\040\000D\000o\000n\000n\000\351\000e\000s}{chapter.5}% 23
\BOOKMARK [1][-]{section.5.2}{\376\377\000D\000a\000s\000h\000b\000o\000a\000r\000d\000s\000\040\000D\000i\000s\000p\000o\000n\000i\000b\000l\000e\000s}{chapter.5}% 24
\BOOKMARK [2][-]{subsection.5.2.1}{\376\377\000D\000a\000s\000h\000b\000o\000a\000r\000d\000\040\000S\000y\000s\000t\000\350\000m\000e}{section.5.2}% 25
\BOOKMARK [2][-]{subsection.5.2.2}{\376\377\000D\000a\000s\000h\000b\000o\000a\000r\000d\000\040\000D\000o\000c\000k\000e\000r}{section.5.2}% 26
\BOOKMARK [0][-]{chapter.6}{\376\377\000T\000e\000s\000t\000s\000\040\000e\000t\000\040\000V\000a\000l\000i\000d\000a\000t\000i\000o\000n}{}% 27
\BOOKMARK [1][-]{section.6.1}{\376\377\000T\000e\000s\000t\000s\000\040\000A\000u\000t\000o\000m\000a\000t\000i\000s\000\351\000s}{chapter.6}% 28
\BOOKMARK [1][-]{section.6.2}{\376\377\000P\000r\000o\000c\000\351\000d\000u\000r\000e\000s\000\040\000d\000e\000\040\000T\000e\000s\000t}{chapter.6}% 29
\BOOKMARK [2][-]{subsection.6.2.1}{\376\377\000T\000e\000s\000t\000\040\000d\000e\000\040\000B\000a\000s\000e}{section.6.2}% 30
\BOOKMARK [2][-]{subsection.6.2.2}{\376\377\000T\000e\000s\000t\000\040\000d\000e\000s\000\040\000A\000l\000e\000r\000t\000e\000s}{section.6.2}% 31
\BOOKMARK [0][-]{chapter.7}{\376\377\000M\000a\000i\000n\000t\000e\000n\000a\000n\000c\000e\000\040\000e\000t\000\040\000S\000a\000u\000v\000e\000g\000a\000r\000d\000e}{}% 32
\BOOKMARK [1][-]{section.7.1}{\376\377\000P\000r\000o\000c\000\351\000d\000u\000r\000e\000s\000\040\000d\000e\000\040\000S\000a\000u\000v\000e\000g\000a\000r\000d\000e}{chapter.7}% 33
\BOOKMARK [1][-]{section.7.2}{\376\377\000M\000a\000i\000n\000t\000e\000n\000a\000n\000c\000e\000\040\000P\000r\000\351\000v\000e\000n\000t\000i\000v\000e}{chapter.7}% 34
\BOOKMARK [2][-]{subsection.7.2.1}{\376\377\000V\000\351\000r\000i\000f\000i\000c\000a\000t\000i\000o\000n\000s\000\040\000Q\000u\000o\000t\000i\000d\000i\000e\000n\000n\000e\000s}{section.7.2}% 35
\BOOKMARK [2][-]{subsection.7.2.2}{\376\377\000V\000\351\000r\000i\000f\000i\000c\000a\000t\000i\000o\000n\000s\000\040\000H\000e\000b\000d\000o\000m\000a\000d\000a\000i\000r\000e\000s}{section.7.2}% 36
\BOOKMARK [0][-]{chapter.8}{\376\377\000C\000o\000n\000c\000l\000u\000s\000i\000o\000n}{}% 37
\BOOKMARK [1][-]{section.8.1}{\376\377\000R\000\351\000s\000u\000m\000\351\000\040\000d\000u\000\040\000S\000y\000s\000t\000\350\000m\000e}{chapter.8}% 38
\BOOKMARK [1][-]{section.8.2}{\376\377\000P\000e\000r\000f\000o\000r\000m\000a\000n\000c\000e\000s\000\040\000e\000t\000\040\000M\000\351\000t\000r\000i\000q\000u\000e\000s}{chapter.8}% 39
\BOOKMARK [1][-]{section.8.3}{\376\377\000\311\000v\000o\000l\000u\000t\000i\000o\000n\000s\000\040\000F\000u\000t\000u\000r\000e\000s}{chapter.8}% 40
\BOOKMARK [1][-]{section.8.4}{\376\377\000R\000e\000c\000o\000m\000m\000a\000n\000d\000a\000t\000i\000o\000n\000s}{chapter.8}% 41
